
mtx-context     | run 1: luatex --fmt="/var/lib/texmf/luatex-cache/context/b47c3d3cee7cb6c86268d0595268c442/formats/luatex/cont-en" --jobname="resume" --lua="/var/lib/texmf/luatex-cache/context/b47c3d3cee7cb6c86268d0595268c442/formats/luatex/cont-en.lui" --no-parse-first-line --c:currentrun=1 --c:fulljobname="./resume.tex" --c:input="./resume.tex" --c:kindofrun=1 --c:maxnofruns=9 "cont-yes.mkiv"
This is LuaTeX, Version 1.0.4 (TeX Live 2017/Debian) 
 system commands enabled.
open source     > level 1, order 1, name '/usr/share/texmf/tex/context/base/mkiv/cont-yes.mkiv'
system          > 
system          > ConTeXt  ver: 2017.05.15 21:48 MKIV beta  fmt: 2020.4.18  int: english/english
system          > 
system          > 'cont-new.mkiv' loaded
open source     > level 2, order 2, name '/usr/share/texmf/tex/context/base/mkiv/cont-new.mkiv'
close source    > level 2, order 2, name '/usr/share/texmf/tex/context/base/mkiv/cont-new.mkiv'
system          > files > jobname 'resume', input './resume', result 'resume'
fonts           > latin modern fonts are not preloaded
languages       > language 'en' is active
open source     > level 2, order 3, name '/pandoc_resume/output/resume.tex'
colors          > defining > unknown library 'hex'
open source     > level 3, order 4, name '/usr/share/texmf/tex/context/fonts/mkiv/type-imp-texgyre.mkiv'
close source    > level 3, order 4, name '/usr/share/texmf/tex/context/fonts/mkiv/type-imp-texgyre.mkiv'
fonts           > otf loading > loading '/usr/share/texmf/fonts/opentype/public/tex-gyre/texgyreheros-regular.otf', hash 'texgyreheros-regular'
otf reader      > not unicoded: dblgrave.ts1 idotaccent.sc
otf reader      > 47 bogus names removed (verbose unicode)
fonts           > otf loading > loading done
fonts           > otf loading > saving '/usr/share/texmf/fonts/opentype/public/tex-gyre/texgyreheros-regular.otf' in cache
system          > lua > compiling '/var/lib/texmf/luatex-cache/context/b47c3d3cee7cb6c86268d0595268c442/fonts/otl/texgyreheros-regular.tma' into '/var/lib/texmf/luatex-cache/context/b47c3d3cee7cb6c86268d0595268c442/fonts/otl/texgyreheros-regular.tmc'
system          > lua > dumping '/var/lib/texmf/luatex-cache/context/b47c3d3cee7cb6c86268d0595268c442/fonts/otl/texgyreheros-regular.tma' into '/var/lib/texmf/luatex-cache/context/b47c3d3cee7cb6c86268d0595268c442/fonts/otl/texgyreheros-regular.tmc' stripped
fonts           > otf loading > loading, optimizing, packing and caching time 0.285
fonts           > otf loading > loading '/usr/share/texmf/fonts/opentype/public/lm-math/latinmodern-math.otf', hash 'latinmodern-math'
otf reader      > not unicoded: copyleft copyleft.st copyleft.sts died died.st died.sts leaf leaf.st leaf.sts perthousandzero perthousandzero.st perthousandzero.sts star.alt star.alt.st star.alt.sts threequartersemdash threequartersemdash.st threequartersemdash.sts
otf reader      > 1459 bogus names removed (verbose unicode)
otf reader      > 4801 base class tags removed (default is base)
fonts           > otf loading > loading done
fonts           > otf loading > saving '/usr/share/texmf/fonts/opentype/public/lm-math/latinmodern-math.otf' in cache
system          > lua > compiling '/var/lib/texmf/luatex-cache/context/b47c3d3cee7cb6c86268d0595268c442/fonts/otl/latinmodern-math.tma' into '/var/lib/texmf/luatex-cache/context/b47c3d3cee7cb6c86268d0595268c442/fonts/otl/latinmodern-math.tmc'
system          > lua > dumping '/var/lib/texmf/luatex-cache/context/b47c3d3cee7cb6c86268d0595268c442/fonts/otl/latinmodern-math.tma' into '/var/lib/texmf/luatex-cache/context/b47c3d3cee7cb6c86268d0595268c442/fonts/otl/latinmodern-math.tmc' stripped
fonts           > otf loading > loading, optimizing, packing and caching time 0.962
structure       > sectioning > section @ level 3 : 0.0.1 -> Artem Kobzar
fonts           > otf loading > loading '/usr/share/texmf/fonts/opentype/public/tex-gyre/texgyreheros-bold.otf', hash 'texgyreheros-bold'
otf reader      > not unicoded: dblgrave.ts1 idotaccent.sc
otf reader      > 47 bogus names removed (verbose unicode)
fonts           > otf loading > loading done
fonts           > otf loading > saving '/usr/share/texmf/fonts/opentype/public/tex-gyre/texgyreheros-bold.otf' in cache
system          > lua > compiling '/var/lib/texmf/luatex-cache/context/b47c3d3cee7cb6c86268d0595268c442/fonts/otl/texgyreheros-bold.tma' into '/var/lib/texmf/luatex-cache/context/b47c3d3cee7cb6c86268d0595268c442/fonts/otl/texgyreheros-bold.tmc'
system          > lua > dumping '/var/lib/texmf/luatex-cache/context/b47c3d3cee7cb6c86268d0595268c442/fonts/otl/texgyreheros-bold.tma' into '/var/lib/texmf/luatex-cache/context/b47c3d3cee7cb6c86268d0595268c442/fonts/otl/texgyreheros-bold.tmc' stripped
fonts           > otf loading > loading, optimizing, packing and caching time 1.232
setup           > error in line 1, namespace 'xtable', key 'body'
setup           > error in line 14, namespace 'xtable', key 'foot'
fonts           > otf loading > loading '/usr/share/texmf/fonts/opentype/public/lm/lmmonolt10-bold.otf', hash 'lmmonolt10-bold'
otf reader      > not unicoded: dblgrave.ts1 star.alt
otf reader      > 41 bogus names removed (verbose unicode)
fonts           > otf loading > loading done
fonts           > otf loading > saving '/usr/share/texmf/fonts/opentype/public/lm/lmmonolt10-bold.otf' in cache
system          > lua > compiling '/var/lib/texmf/luatex-cache/context/b47c3d3cee7cb6c86268d0595268c442/fonts/otl/lmmonolt10-bold.tma' into '/var/lib/texmf/luatex-cache/context/b47c3d3cee7cb6c86268d0595268c442/fonts/otl/lmmonolt10-bold.tmc'
system          > lua > dumping '/var/lib/texmf/luatex-cache/context/b47c3d3cee7cb6c86268d0595268c442/fonts/otl/lmmonolt10-bold.tma' into '/var/lib/texmf/luatex-cache/context/b47c3d3cee7cb6c86268d0595268c442/fonts/otl/lmmonolt10-bold.tmc' stripped
fonts           > otf loading > loading, optimizing, packing and caching time 1.759
setup           > error in line 1, namespace 'xtable', key 'body'
setup           > error in line 14, namespace 'xtable', key 'foot'
setup           > error in line 1, namespace 'xtable', key 'body'
setup           > error in line 14, namespace 'xtable', key 'foot'
floatblocks     > '1' placed
structure       > sectioning > subsection @ level 4 : 0.0.1.1 -> Education
structure       > sectioning > subsection @ level 4 : 0.0.1.2 -> Experience
structure       > sectioning > subsection @ level 4 : 0.0.1.3 -> Technical Skills
fonts           > otf loading > loading '/usr/share/texmf/fonts/opentype/public/lm/lmmono10-regular.otf', hash 'lmmono10-regular'
otf reader      > not unicoded: dblgrave.ts1 star.alt
otf reader      > 41 bogus names removed (verbose unicode)
fonts           > otf loading > loading done
fonts           > otf loading > saving '/usr/share/texmf/fonts/opentype/public/lm/lmmono10-regular.otf' in cache
system          > lua > compiling '/var/lib/texmf/luatex-cache/context/b47c3d3cee7cb6c86268d0595268c442/fonts/otl/lmmono10-regular.tma' into '/var/lib/texmf/luatex-cache/context/b47c3d3cee7cb6c86268d0595268c442/fonts/otl/lmmono10-regular.tmc'
system          > lua > dumping '/var/lib/texmf/luatex-cache/context/b47c3d3cee7cb6c86268d0595268c442/fonts/otl/lmmono10-regular.tma' into '/var/lib/texmf/luatex-cache/context/b47c3d3cee7cb6c86268d0595268c442/fonts/otl/lmmono10-regular.tmc' stripped
fonts           > otf loading > loading, optimizing, packing and caching time 1.851
backend         > xmp > using file '/usr/share/texmf/tex/context/base/mkiv/lpdf-pdx.xml'
pages           > flushing realpage 1, userpage 1, subpage 1
structure       > sectioning > subsection @ level 4 : 0.0.1.4 -> Open Source
structure       > sectioning > subsection @ level 4 : 0.0.1.5 -> Other
pages           > flushing realpage 2, userpage 2
close source    > level 2, order 4, name '/pandoc_resume/output/resume.tex'
close source    > level 1, order 4, name '/usr/share/texmf/tex/context/base/mkiv/cont-yes.mkiv'

mkiv lua stats  > used config file: /usr/share/texmf/web2c/texmfcnf.lua;/usr/share/texlive/texmf-dist/web2c/texmfcnf.lua
mkiv lua stats  > used cache path: /var/lib/texmf/luatex-cache/context/b47c3d3cee7cb6c86268d0595268c442
mkiv lua stats  > resource resolver: loadtime 0.012 seconds, 0 scans with scantime 0.000 seconds, 0 shared scans, 13 found files, scanned paths: <none>
mkiv lua stats  > stored bytecode data: 404 modules (0.381 sec), 91 tables (0.029 sec), 495 chunks (0.410 sec)
mkiv lua stats  > traced context: maxstack: 1239, freed: 8, unreachable: 1231
mkiv lua stats  > cleaned up reserved nodes: 58 nodes, 9 lists of 447
mkiv lua stats  > node memory usage: 2 glue, 3 penalty, 12 attribute, 49 glue_spec, 3 attribute_list, 2 temp, 2 user_defined
mkiv lua stats  > node list callback tasks: 7 unique task lists, 7 instances (re)created, 498 calls
mkiv lua stats  > h-node processing time: 0.025 seconds including kernel
mkiv lua stats  > used backend: pdf (backend for directly generating pdf output)
mkiv lua stats  > jobdata time: 0.002 seconds saving, 0.000 seconds loading
mkiv lua stats  > callbacks: 950 direct, 903 indirect, 1853 total
mkiv lua stats  > loaded patterns: en::2, load time: 0.000
mkiv lua stats  > interactive elements: 64 references, 8 destinations
mkiv lua stats  > result saved in file: resume.pdf, compresslevel 3, objectcompresslevel 3
mkiv lua stats  > loaded fonts: 5 files: latinmodern-math.otf, lmmono10-regular.otf, lmmonolt10-bold.otf, texgyreheros-bold.otf, texgyreheros-regular.otf
mkiv lua stats  > font engine: otf 3.029, afm 1.512, tfm 1.000, 11 instances, 4 shared in backend, 0 common vectors, 4 common hashes, load time 2.106 seconds 
mkiv lua stats  > pdf annotations: 64 links (64 unique), 0 special
mkiv lua stats  > used platform: linux-64, type: unix, binary subtree: usr
mkiv lua stats  > luatex banner: this is luatex, version 1.0.4 (tex live 2017/debian)
mkiv lua stats  > control sequences: 45426 of 65536 + 100000
mkiv lua stats  > lua properties: engine: lua, used memory: 113 MB (ctx: 113 MB), hash type: lua, hash chars: min(64,40), symbol mask: utf (τεχ)
mkiv lua stats  > runtime: 3.186 seconds, 2 processed pages, 2 shipped pages, 0.628 pages/second

mtx-context     | run 2: luatex --fmt="/var/lib/texmf/luatex-cache/context/b47c3d3cee7cb6c86268d0595268c442/formats/luatex/cont-en" --jobname="resume" --lua="/var/lib/texmf/luatex-cache/context/b47c3d3cee7cb6c86268d0595268c442/formats/luatex/cont-en.lui" --no-parse-first-line --c:currentrun=2 --c:fulljobname="./resume.tex" --c:input="./resume.tex" --c:kindofrun=2 --c:maxnofruns=9 "cont-yes.mkiv"
This is LuaTeX, Version 1.0.4 (TeX Live 2017/Debian) 
 system commands enabled.
open source     > level 1, order 1, name '/usr/share/texmf/tex/context/base/mkiv/cont-yes.mkiv'
system          > 
system          > ConTeXt  ver: 2017.05.15 21:48 MKIV beta  fmt: 2020.4.18  int: english/english
system          > 
system          > 'cont-new.mkiv' loaded
open source     > level 2, order 2, name '/usr/share/texmf/tex/context/base/mkiv/cont-new.mkiv'
close source    > level 2, order 2, name '/usr/share/texmf/tex/context/base/mkiv/cont-new.mkiv'
system          > files > jobname 'resume', input './resume', result 'resume'
fonts           > latin modern fonts are not preloaded
languages       > language 'en' is active
open source     > level 2, order 3, name '/pandoc_resume/output/resume.tex'
colors          > defining > unknown library 'hex'
open source     > level 3, order 4, name '/usr/share/texmf/tex/context/fonts/mkiv/type-imp-texgyre.mkiv'
close source    > level 3, order 4, name '/usr/share/texmf/tex/context/fonts/mkiv/type-imp-texgyre.mkiv'
structure       > sectioning > section @ level 3 : 0.0.1 -> Artem Kobzar
setup           > error in line 1, namespace 'xtable', key 'body'
setup           > error in line 14, namespace 'xtable', key 'foot'
setup           > error in line 1, namespace 'xtable', key 'body'
setup           > error in line 14, namespace 'xtable', key 'foot'
setup           > error in line 1, namespace 'xtable', key 'body'
setup           > error in line 14, namespace 'xtable', key 'foot'
floatblocks     > '1' placed
structure       > sectioning > subsection @ level 4 : 0.0.1.1 -> Education
structure       > sectioning > subsection @ level 4 : 0.0.1.2 -> Experience
structure       > sectioning > subsection @ level 4 : 0.0.1.3 -> Technical Skills
backend         > xmp > using file '/usr/share/texmf/tex/context/base/mkiv/lpdf-pdx.xml'
pages           > flushing realpage 1, userpage 1, subpage 1
structure       > sectioning > subsection @ level 4 : 0.0.1.4 -> Open Source
structure       > sectioning > subsection @ level 4 : 0.0.1.5 -> Other
pages           > flushing realpage 2, userpage 2
close source    > level 2, order 4, name '/pandoc_resume/output/resume.tex'
close source    > level 1, order 4, name '/usr/share/texmf/tex/context/base/mkiv/cont-yes.mkiv'

mkiv lua stats  > used config file: /usr/share/texmf/web2c/texmfcnf.lua;/usr/share/texlive/texmf-dist/web2c/texmfcnf.lua
mkiv lua stats  > used cache path: /var/lib/texmf/luatex-cache/context/b47c3d3cee7cb6c86268d0595268c442
mkiv lua stats  > resource resolver: loadtime 0.008 seconds, 0 scans with scantime 0.000 seconds, 0 shared scans, 13 found files, scanned paths: <none>
mkiv lua stats  > stored bytecode data: 404 modules (0.235 sec), 91 tables (0.012 sec), 495 chunks (0.248 sec)
mkiv lua stats  > traced context: maxstack: 1239, freed: 8, unreachable: 1231
mkiv lua stats  > cleaned up reserved nodes: 58 nodes, 9 lists of 447
mkiv lua stats  > node memory usage: 2 glue, 3 penalty, 12 attribute, 49 glue_spec, 3 attribute_list, 2 temp, 2 user_defined
mkiv lua stats  > node list callback tasks: 7 unique task lists, 7 instances (re)created, 498 calls
mkiv lua stats  > h-node processing time: 0.022 seconds including kernel
mkiv lua stats  > used backend: pdf (backend for directly generating pdf output)
mkiv lua stats  > jobdata time: 0.002 seconds saving, 0.001 seconds loading
mkiv lua stats  > callbacks: 972 direct, 903 indirect, 1875 total
mkiv lua stats  > randomizer: initialized with value 0.07956076463664
mkiv lua stats  > loaded patterns: en::2, load time: 0.000
mkiv lua stats  > interactive elements: 64 references, 8 destinations
mkiv lua stats  > result saved in file: resume.pdf, compresslevel 3, objectcompresslevel 3
mkiv lua stats  > loaded fonts: 5 files: latinmodern-math.otf, lmmono10-regular.otf, lmmonolt10-bold.otf, texgyreheros-bold.otf, texgyreheros-regular.otf
mkiv lua stats  > font engine: otf 3.029, afm 1.512, tfm 1.000, 11 instances, 4 shared in backend, 0 common vectors, 4 common hashes, load time 0.205 seconds 
mkiv lua stats  > pdf annotations: 64 links (64 unique), 0 special
mkiv lua stats  > used platform: linux-64, type: unix, binary subtree: usr
mkiv lua stats  > luatex banner: this is luatex, version 1.0.4 (tex live 2017/debian)
mkiv lua stats  > control sequences: 45425 of 65536 + 100000
mkiv lua stats  > lua properties: engine: lua, used memory: 78 MB (ctx: 78 MB), hash type: lua, hash chars: min(64,40), symbol mask: utf (τεχ)
mkiv lua stats  > runtime: 0.64 seconds, 2 processed pages, 2 shipped pages, 3.125 pages/second

mtx-context     | run 3: luatex --fmt="/var/lib/texmf/luatex-cache/context/b47c3d3cee7cb6c86268d0595268c442/formats/luatex/cont-en" --jobname="resume" --lua="/var/lib/texmf/luatex-cache/context/b47c3d3cee7cb6c86268d0595268c442/formats/luatex/cont-en.lui" --no-parse-first-line --c:currentrun=3 --c:fulljobname="./resume.tex" --c:input="./resume.tex" --c:kindofrun=2 --c:maxnofruns=9 "cont-yes.mkiv"
This is LuaTeX, Version 1.0.4 (TeX Live 2017/Debian) 
 system commands enabled.
open source     > level 1, order 1, name '/usr/share/texmf/tex/context/base/mkiv/cont-yes.mkiv'
system          > 
system          > ConTeXt  ver: 2017.05.15 21:48 MKIV beta  fmt: 2020.4.18  int: english/english
system          > 
system          > 'cont-new.mkiv' loaded
open source     > level 2, order 2, name '/usr/share/texmf/tex/context/base/mkiv/cont-new.mkiv'
close source    > level 2, order 2, name '/usr/share/texmf/tex/context/base/mkiv/cont-new.mkiv'
system          > files > jobname 'resume', input './resume', result 'resume'
fonts           > latin modern fonts are not preloaded
languages       > language 'en' is active
open source     > level 2, order 3, name '/pandoc_resume/output/resume.tex'
colors          > defining > unknown library 'hex'
open source     > level 3, order 4, name '/usr/share/texmf/tex/context/fonts/mkiv/type-imp-texgyre.mkiv'
close source    > level 3, order 4, name '/usr/share/texmf/tex/context/fonts/mkiv/type-imp-texgyre.mkiv'
structure       > sectioning > section @ level 3 : 0.0.1 -> Artem Kobzar
setup           > error in line 1, namespace 'xtable', key 'body'
setup           > error in line 14, namespace 'xtable', key 'foot'
setup           > error in line 1, namespace 'xtable', key 'body'
setup           > error in line 14, namespace 'xtable', key 'foot'
setup           > error in line 1, namespace 'xtable', key 'body'
setup           > error in line 14, namespace 'xtable', key 'foot'
floatblocks     > '1' placed
structure       > sectioning > subsection @ level 4 : 0.0.1.1 -> Education
structure       > sectioning > subsection @ level 4 : 0.0.1.2 -> Experience
structure       > sectioning > subsection @ level 4 : 0.0.1.3 -> Technical Skills
backend         > xmp > using file '/usr/share/texmf/tex/context/base/mkiv/lpdf-pdx.xml'
pages           > flushing realpage 1, userpage 1, subpage 1
structure       > sectioning > subsection @ level 4 : 0.0.1.4 -> Open Source
structure       > sectioning > subsection @ level 4 : 0.0.1.5 -> Other
pages           > flushing realpage 2, userpage 2
close source    > level 2, order 4, name '/pandoc_resume/output/resume.tex'
close source    > level 1, order 4, name '/usr/share/texmf/tex/context/base/mkiv/cont-yes.mkiv'

mkiv lua stats  > used config file: /usr/share/texmf/web2c/texmfcnf.lua;/usr/share/texlive/texmf-dist/web2c/texmfcnf.lua
mkiv lua stats  > used cache path: /var/lib/texmf/luatex-cache/context/b47c3d3cee7cb6c86268d0595268c442
mkiv lua stats  > resource resolver: loadtime 0.009 seconds, 0 scans with scantime 0.000 seconds, 0 shared scans, 13 found files, scanned paths: <none>
mkiv lua stats  > stored bytecode data: 404 modules (0.232 sec), 91 tables (0.012 sec), 495 chunks (0.244 sec)
mkiv lua stats  > traced context: maxstack: 1239, freed: 8, unreachable: 1231
mkiv lua stats  > cleaned up reserved nodes: 58 nodes, 9 lists of 447
mkiv lua stats  > node memory usage: 2 glue, 3 penalty, 12 attribute, 49 glue_spec, 3 attribute_list, 2 temp, 2 user_defined
mkiv lua stats  > node list callback tasks: 7 unique task lists, 7 instances (re)created, 498 calls
mkiv lua stats  > h-node processing time: 0.022 seconds including kernel
mkiv lua stats  > used backend: pdf (backend for directly generating pdf output)
mkiv lua stats  > jobdata time: 0.001 seconds saving, 0.001 seconds loading
mkiv lua stats  > callbacks: 972 direct, 903 indirect, 1875 total
mkiv lua stats  > randomizer: resumed with value 0.07956076463664
mkiv lua stats  > loaded patterns: en::2, load time: 0.000
mkiv lua stats  > interactive elements: 64 references, 8 destinations
mkiv lua stats  > result saved in file: resume.pdf, compresslevel 3, objectcompresslevel 3
mkiv lua stats  > loaded fonts: 5 files: latinmodern-math.otf, lmmono10-regular.otf, lmmonolt10-bold.otf, texgyreheros-bold.otf, texgyreheros-regular.otf
mkiv lua stats  > font engine: otf 3.029, afm 1.512, tfm 1.000, 11 instances, 4 shared in backend, 0 common vectors, 4 common hashes, load time 0.203 seconds 
mkiv lua stats  > pdf annotations: 64 links (64 unique), 0 special
mkiv lua stats  > used platform: linux-64, type: unix, binary subtree: usr
mkiv lua stats  > luatex banner: this is luatex, version 1.0.4 (tex live 2017/debian)
mkiv lua stats  > control sequences: 45425 of 65536 + 100000
mkiv lua stats  > lua properties: engine: lua, used memory: 83 MB (ctx: 83 MB), hash type: lua, hash chars: min(64,40), symbol mask: utf (τεχ)
mkiv lua stats  > runtime: 0.642 seconds, 2 processed pages, 2 shipped pages, 3.115 pages/second

system          | total runtime: 5.699 seconds
