open source     > level 1, order 1, name '/usr/share/texmf/tex/context/base/mkiv/cont-yes.mkiv'
system          > 
system          > ConTeXt  ver: 2017.05.15 21:48 MKIV beta  fmt: 2020.4.18  int: english/english
system          > 
system          > 'cont-new.mkiv' loaded
open source     > level 2, order 2, name '/usr/share/texmf/tex/context/base/mkiv/cont-new.mkiv'
close source    > level 2, order 2, name '/usr/share/texmf/tex/context/base/mkiv/cont-new.mkiv'
system          > files > jobname 'resume', input './resume', result 'resume'
fonts           > latin modern fonts are not preloaded
languages       > language 'en' is active
open source     > level 2, order 3, name '/pandoc_resume/output/resume.tex'
colors          > defining > unknown library 'hex'
open source     > level 3, order 4, name '/usr/share/texmf/tex/context/fonts/mkiv/type-imp-texgyre.mkiv'
close source    > level 3, order 4, name '/usr/share/texmf/tex/context/fonts/mkiv/type-imp-texgyre.mkiv'
structure       > sectioning > section @ level 3 : 0.0.1 -> Artem Kobzar
setup           > error in line 1, namespace 'xtable', key 'body'
setup           > error in line 14, namespace 'xtable', key 'foot'
setup           > error in line 1, namespace 'xtable', key 'body'
setup           > error in line 14, namespace 'xtable', key 'foot'
setup           > error in line 1, namespace 'xtable', key 'body'
setup           > error in line 14, namespace 'xtable', key 'foot'
floatblocks     > '1' placed
structure       > sectioning > subsection @ level 4 : 0.0.1.1 -> Education
structure       > sectioning > subsection @ level 4 : 0.0.1.2 -> Experience
structure       > sectioning > subsection @ level 4 : 0.0.1.3 -> Technical Skills
backend         > xmp > using file '/usr/share/texmf/tex/context/base/mkiv/lpdf-pdx.xml'
pages           > flushing realpage 1, userpage 1, subpage 1
structure       > sectioning > subsection @ level 4 : 0.0.1.4 -> Open Source
structure       > sectioning > subsection @ level 4 : 0.0.1.5 -> Other
pages           > flushing realpage 2, userpage 2
close source    > level 2, order 4, name '/pandoc_resume/output/resume.tex'
close source    > level 1, order 4, name '/usr/share/texmf/tex/context/base/mkiv/cont-yes.mkiv'

system          > structure > start used structure

used structure  > text: resume

system          > structure > stop used structure


system          > files > start used files

used file       >    1: filename=cont-yes.mkiv filetype=tex foundname=/usr/share/texmf/tex/context/base/mkiv/cont-yes.mkiv usedmethod=database
used file       >    2: filename=publ-imp-default.lua filetype=lua foundname=/usr/share/texmf/tex/context/base/mkiv/publ-imp-default.lua usedmethod=database
used file       >    3: filename=cont-new.mkiv filetype=tex foundname=/usr/share/texmf/tex/context/base/mkiv/cont-new.mkiv usedmethod=database
used file       >    4: filename=lang-us.lua filetype=lua foundname=/usr/share/texmf/tex/context/patterns/mkiv/lang-us.lua usedmethod=database
used file       >    5: filename=/pandoc_resume/output/resume.tex foundname=/pandoc_resume/output/resume.tex usedmethod=direct
used file       >    6: filename=type-imp-texgyre.mkiv filetype=tex foundname=/usr/share/texmf/tex/context/fonts/mkiv/type-imp-texgyre.mkiv usedmethod=database
used file       >    7: filename=lm.lfg filetype=tex foundname=/usr/share/texmf/tex/context/fonts/mkiv/lm.lfg usedmethod=database
used file       >    8: filename=texgyreheros-regular filetype=otf format=otf foundname=/usr/share/texmf/fonts/opentype/public/tex-gyre/texgyreheros-regular.otf usedmethod=database
used file       >    9: filename=latinmodern-math.otf filetype=opentypefonts foundname=/usr/share/texmf/fonts/opentype/public/lm-math/latinmodern-math.otf usedmethod=database
used file       >   10: filename=texgyreheros-bold filetype=otf format=otf foundname=/usr/share/texmf/fonts/opentype/public/tex-gyre/texgyreheros-bold.otf usedmethod=database
used file       >   11: filename=lmmonolt10-bold filetype=otf format=otf foundname=/usr/share/texmf/fonts/opentype/public/lm/lmmonolt10-bold.otf usedmethod=database
used file       >   12: filename=lmmono10-regular filetype=otf format=otf foundname=/usr/share/texmf/fonts/opentype/public/lm/lmmono10-regular.otf usedmethod=database
used file       >   13: filename=lpdf-pdx.xml filetype=tex foundname=/usr/share/texmf/tex/context/base/mkiv/lpdf-pdx.xml usedmethod=database

system          > files > stop used files


system          > options > start commandline options

used option     > currentrun="3"
used option     > fulljobname="./resume.tex"
used option     > input="./resume.tex"
used option     > kindofrun="2"
used option     > maxnofruns="9"
used option     > no-parse-first-line="true"

system          > options > stop commandline options

system          > options > start commandline files

used file       >    1: ./resume.tex

system          > options > stop commandline files


mkiv lua stats  > used config file: /usr/share/texmf/web2c/texmfcnf.lua;/usr/share/texlive/texmf-dist/web2c/texmfcnf.lua
mkiv lua stats  > used cache path: /var/lib/texmf/luatex-cache/context/b47c3d3cee7cb6c86268d0595268c442
mkiv lua stats  > resource resolver: loadtime 0.009 seconds, 0 scans with scantime 0.000 seconds, 0 shared scans, 13 found files, scanned paths: <none>
mkiv lua stats  > stored bytecode data: 404 modules (0.232 sec), 91 tables (0.012 sec), 495 chunks (0.244 sec)
mkiv lua stats  > traced context: maxstack: 1239, freed: 8, unreachable: 1231
mkiv lua stats  > cleaned up reserved nodes: 58 nodes, 9 lists of 447
mkiv lua stats  > node memory usage: 2 glue, 3 penalty, 12 attribute, 49 glue_spec, 3 attribute_list, 2 temp, 2 user_defined
mkiv lua stats  > node list callback tasks: 7 unique task lists, 7 instances (re)created, 498 calls
mkiv lua stats  > h-node processing time: 0.022 seconds including kernel
mkiv lua stats  > used backend: pdf (backend for directly generating pdf output)
mkiv lua stats  > jobdata time: 0.001 seconds saving, 0.001 seconds loading
mkiv lua stats  > callbacks: 972 direct, 903 indirect, 1875 total
mkiv lua stats  > randomizer: resumed with value 0.07956076463664
mkiv lua stats  > loaded patterns: en::2, load time: 0.000
mkiv lua stats  > interactive elements: 64 references, 8 destinations
mkiv lua stats  > result saved in file: resume.pdf, compresslevel 3, objectcompresslevel 3
mkiv lua stats  > loaded fonts: 5 files: latinmodern-math.otf, lmmono10-regular.otf, lmmonolt10-bold.otf, texgyreheros-bold.otf, texgyreheros-regular.otf
mkiv lua stats  > font engine: otf 3.029, afm 1.512, tfm 1.000, 11 instances, 4 shared in backend, 0 common vectors, 4 common hashes, load time 0.203 seconds 
mkiv lua stats  > pdf annotations: 64 links (64 unique), 0 special
mkiv lua stats  > used platform: linux-64, type: unix, binary subtree: usr
mkiv lua stats  > luatex banner: this is luatex, version 1.0.4 (tex live 2017/debian)
mkiv lua stats  > control sequences: 45425 of 65536 + 100000
mkiv lua stats  > lua properties: engine: lua, used memory: 83 MB (ctx: 83 MB), hash type: lua, hash chars: min(64,40), symbol mask: utf (τεχ)
mkiv lua stats  > runtime: 0.642 seconds, 2 processed pages, 2 shipped pages, 3.115 pages/second

